2025-12-22 19:27:09:279 [32minfo[39m: [32m🚀 Server running on port 3001[39m
2025-12-22 19:27:09:279 [32minfo[39m: [32m📱 Health check: http://localhost:3001/health[39m
2025-12-22 19:27:09:279 [32minfo[39m: [32m📚 API Docs: http://localhost:3001/api-docs[39m
2025-12-22 19:27:09:279 [32minfo[39m: [32mRedis Client Connected[39m
2025-12-22 19:27:09:279 [32minfo[39m: [32m🚀 Server running on port 3001[39m
2025-12-22 19:27:09:279 [32minfo[39m: [32m📱 Health check: http://localhost:3001/health[39m
2025-12-22 19:27:09:279 [32minfo[39m: [32m📚 API Docs: http://localhost:3001/api-docs[39m
2025-12-22 19:27:09:279 [32minfo[39m: [32mRedis Client Connected[39m
2025-12-22 19:27:28:2728 [35mhttp[39m: [35m::1 - - [23/Dec/2025:00:27:28 +0000] "GET /health HTTP/1.1" 200 128 "-" "Mozilla/5.0 (Macintosh; Intel Mac OS X 10_15_7) AppleWebKit/537.36 (KHTML, like Gecko) Chrome/143.0.0.0 Safari/537.36"[39m
2025-12-22 19:27:28:2728 [35mhttp[39m: [35m::1 - - [23/Dec/2025:00:27:28 +0000] "GET /favicon.ico HTTP/1.1" 404 30 "-" "Mozilla/5.0 (Macintosh; Intel Mac OS X 10_15_7) AppleWebKit/537.36 (KHTML, like Gecko) Chrome/143.0.0.0 Safari/537.36"[39m
2025-12-22 19:27:35:2735 [35mhttp[39m: [35m::1 - - [23/Dec/2025:00:27:35 +0000] "GET /api-docs HTTP/1.1" 301 158 "-" "Mozilla/5.0 (Macintosh; Intel Mac OS X 10_15_7) AppleWebKit/537.36 (KHTML, like Gecko) Chrome/143.0.0.0 Safari/537.36"[39m
2025-12-22 19:27:35:2735 [35mhttp[39m: [35m::1 - - [23/Dec/2025:00:27:35 +0000] "GET /api-docs/ HTTP/1.1" 200 3148 "-" "Mozilla/5.0 (Macintosh; Intel Mac OS X 10_15_7) AppleWebKit/537.36 (KHTML, like Gecko) Chrome/143.0.0.0 Safari/537.36"[39m
2025-12-22 19:27:35:2735 [35mhttp[39m: [35m::1 - - [23/Dec/2025:00:27:35 +0000] "GET /api-docs/swagger-ui-init.js HTTP/1.1" 200 11797 "-" "Mozilla/5.0 (Macintosh; Intel Mac OS X 10_15_7) AppleWebKit/537.36 (KHTML, like Gecko) Chrome/143.0.0.0 Safari/537.36"[39m
2025-12-22 19:27:35:2735 [35mhttp[39m: [35m::1 - - [23/Dec/2025:00:27:35 +0000] "GET /api-docs/swagger-ui.css HTTP/1.1" 200 177183 "-" "Mozilla/5.0 (Macintosh; Intel Mac OS X 10_15_7) AppleWebKit/537.36 (KHTML, like Gecko) Chrome/143.0.0.0 Safari/537.36"[39m
2025-12-22 19:27:35:2735 [35mhttp[39m: [35m::1 - - [23/Dec/2025:00:27:35 +0000] "GET /api-docs/swagger-ui-standalone-preset.js HTTP/1.1" 200 252451 "-" "Mozilla/5.0 (Macintosh; Intel Mac OS X 10_15_7) AppleWebKit/537.36 (KHTML, like Gecko) Chrome/143.0.0.0 Safari/537.36"[39m
2025-12-22 19:27:35:2735 [35mhttp[39m: [35m::1 - - [23/Dec/2025:00:27:35 +0000] "GET /api-docs/swagger-ui-bundle.js HTTP/1.1" 200 1510271 "-" "Mozilla/5.0 (Macintosh; Intel Mac OS X 10_15_7) AppleWebKit/537.36 (KHTML, like Gecko) Chrome/143.0.0.0 Safari/537.36"[39m
2025-12-22 19:27:35:2735 [35mhttp[39m: [35m::1 - - [23/Dec/2025:00:27:35 +0000] "GET /api-docs/favicon-32x32.png HTTP/1.1" 200 628 "-" "Mozilla/5.0 (Macintosh; Intel Mac OS X 10_15_7) AppleWebKit/537.36 (KHTML, like Gecko) Chrome/143.0.0.0 Safari/537.36"[39m
2025-12-22 19:27:36:2736 [35mhttp[39m: [35m::1 - - [23/Dec/2025:00:27:36 +0000] "GET /api-docs/favicon-32x32.png HTTP/1.1" 200 628 "-" "Mozilla/5.0 (Macintosh; Intel Mac OS X 10_15_7) AppleWebKit/537.36 (KHTML, like Gecko) Antigravity/1.104.0 Chrome/138.0.7204.235 Electron/37.3.1 Safari/537.36"[39m
2025-12-22 19:28:06:286 [35mhttp[39m: [35m::1 - - [23/Dec/2025:00:28:06 +0000] "POST /api/auth/login HTTP/1.1" 400 155 "http://localhost:5173/login" "Mozilla/5.0 (Macintosh; Intel Mac OS X 10_15_7) AppleWebKit/537.36 (KHTML, like Gecko) Chrome/143.0.0.0 Safari/537.36"[39m
2025-12-22 19:34:37:3437 [32minfo[39m: [32mReceived shutdown signal, closing connections...[39m
2025-12-22 19:34:37:3437 [32minfo[39m: [32mReceived shutdown signal, closing connections...[39m
{"level":"error","message":"Error fetching questions: DB Error","stack":"Error: DB Error\n    at Object.<anonymous> (/Users/dustinober/Projects/pmp_application/tests/controllers/questionController.test.ts:120:71)\n    at Promise.finally.completed (/Users/dustinober/Projects/pmp_application/node_modules/jest-circus/build/jestAdapterInit.js:1557:28)\n    at new Promise (<anonymous>)\n    at callAsyncCircusFn (/Users/dustinober/Projects/pmp_application/node_modules/jest-circus/build/jestAdapterInit.js:1497:10)\n    at _callCircusTest (/Users/dustinober/Projects/pmp_application/node_modules/jest-circus/build/jestAdapterInit.js:1007:40)\n    at processTicksAndRejections (node:internal/process/task_queues:103:5)\n    at _runTest (/Users/dustinober/Projects/pmp_application/node_modules/jest-circus/build/jestAdapterInit.js:947:3)\n    at /Users/dustinober/Projects/pmp_application/node_modules/jest-circus/build/jestAdapterInit.js:849:7\n    at _runTestsForDescribeBlock (/Users/dustinober/Projects/pmp_application/node_modules/jest-circus/build/jestAdapterInit.js:862:11)\n    at _runTestsForDescribeBlock (/Users/dustinober/Projects/pmp_application/node_modules/jest-circus/build/jestAdapterInit.js:857:11)\n    at _runTestsForDescribeBlock (/Users/dustinober/Projects/pmp_application/node_modules/jest-circus/build/jestAdapterInit.js:857:11)\n    at run (/Users/dustinober/Projects/pmp_application/node_modules/jest-circus/build/jestAdapterInit.js:761:3)\n    at runAndTransformResultsToJestFormat (/Users/dustinober/Projects/pmp_application/node_modules/jest-circus/build/jestAdapterInit.js:1918:21)\n    at jestAdapter (/Users/dustinober/Projects/pmp_application/node_modules/jest-circus/build/runner.js:101:19)\n    at runTestInternal (/Users/dustinober/Projects/pmp_application/node_modules/jest-runner/build/testWorker.js:275:16)\n    at runTest (/Users/dustinober/Projects/pmp_application/node_modules/jest-runner/build/testWorker.js:343:7)\n    at Object.worker (/Users/dustinober/Projects/pmp_application/node_modules/jest-runner/build/testWorker.js:497:12)","timestamp":"2025-12-24T00:05:11.518Z"}
{"level":"error","message":"Error fetching domains: DB Error","stack":"Error: DB Error\n    at Object.<anonymous> (/Users/dustinober/Projects/pmp_application/tests/controllers/questionController.test.ts:190:69)\n    at Promise.finally.completed (/Users/dustinober/Projects/pmp_application/node_modules/jest-circus/build/jestAdapterInit.js:1557:28)\n    at new Promise (<anonymous>)\n    at callAsyncCircusFn (/Users/dustinober/Projects/pmp_application/node_modules/jest-circus/build/jestAdapterInit.js:1497:10)\n    at _callCircusTest (/Users/dustinober/Projects/pmp_application/node_modules/jest-circus/build/jestAdapterInit.js:1007:40)\n    at processTicksAndRejections (node:internal/process/task_queues:103:5)\n    at _runTest (/Users/dustinober/Projects/pmp_application/node_modules/jest-circus/build/jestAdapterInit.js:947:3)\n    at /Users/dustinober/Projects/pmp_application/node_modules/jest-circus/build/jestAdapterInit.js:849:7\n    at _runTestsForDescribeBlock (/Users/dustinober/Projects/pmp_application/node_modules/jest-circus/build/jestAdapterInit.js:862:11)\n    at _runTestsForDescribeBlock (/Users/dustinober/Projects/pmp_application/node_modules/jest-circus/build/jestAdapterInit.js:857:11)\n    at _runTestsForDescribeBlock (/Users/dustinober/Projects/pmp_application/node_modules/jest-circus/build/jestAdapterInit.js:857:11)\n    at run (/Users/dustinober/Projects/pmp_application/node_modules/jest-circus/build/jestAdapterInit.js:761:3)\n    at runAndTransformResultsToJestFormat (/Users/dustinober/Projects/pmp_application/node_modules/jest-circus/build/jestAdapterInit.js:1918:21)\n    at jestAdapter (/Users/dustinober/Projects/pmp_application/node_modules/jest-circus/build/runner.js:101:19)\n    at runTestInternal (/Users/dustinober/Projects/pmp_application/node_modules/jest-runner/build/testWorker.js:275:16)\n    at runTest (/Users/dustinober/Projects/pmp_application/node_modules/jest-runner/build/testWorker.js:343:7)\n    at Object.worker (/Users/dustinober/Projects/pmp_application/node_modules/jest-runner/build/testWorker.js:497:12)","timestamp":"2025-12-24T00:05:11.522Z"}
{"level":"error","message":"Error fetching flashcards: DB Error","stack":"Error: DB Error\n    at Object.<anonymous> (/Users/dustinober/Projects/pmp_application/tests/controllers/flashcardController.test.ts:142:72)\n    at Promise.finally.completed (/Users/dustinober/Projects/pmp_application/node_modules/jest-circus/build/jestAdapterInit.js:1557:28)\n    at new Promise (<anonymous>)\n    at callAsyncCircusFn (/Users/dustinober/Projects/pmp_application/node_modules/jest-circus/build/jestAdapterInit.js:1497:10)\n    at _callCircusTest (/Users/dustinober/Projects/pmp_application/node_modules/jest-circus/build/jestAdapterInit.js:1007:40)\n    at processTicksAndRejections (node:internal/process/task_queues:103:5)\n    at _runTest (/Users/dustinober/Projects/pmp_application/node_modules/jest-circus/build/jestAdapterInit.js:947:3)\n    at /Users/dustinober/Projects/pmp_application/node_modules/jest-circus/build/jestAdapterInit.js:849:7\n    at _runTestsForDescribeBlock (/Users/dustinober/Projects/pmp_application/node_modules/jest-circus/build/jestAdapterInit.js:862:11)\n    at _runTestsForDescribeBlock (/Users/dustinober/Projects/pmp_application/node_modules/jest-circus/build/jestAdapterInit.js:857:11)\n    at _runTestsForDescribeBlock (/Users/dustinober/Projects/pmp_application/node_modules/jest-circus/build/jestAdapterInit.js:857:11)\n    at run (/Users/dustinober/Projects/pmp_application/node_modules/jest-circus/build/jestAdapterInit.js:761:3)\n    at runAndTransformResultsToJestFormat (/Users/dustinober/Projects/pmp_application/node_modules/jest-circus/build/jestAdapterInit.js:1918:21)\n    at jestAdapter (/Users/dustinober/Projects/pmp_application/node_modules/jest-circus/build/runner.js:101:19)\n    at runTestInternal (/Users/dustinober/Projects/pmp_application/node_modules/jest-runner/build/testWorker.js:275:16)\n    at runTest (/Users/dustinober/Projects/pmp_application/node_modules/jest-runner/build/testWorker.js:343:7)\n    at Object.worker (/Users/dustinober/Projects/pmp_application/node_modules/jest-runner/build/testWorker.js:497:12)","timestamp":"2025-12-24T00:05:11.585Z"}
{"level":"error","message":"Error fetching flashcard categories: DB Error","stack":"Error: DB Error\n    at Object.<anonymous> (/Users/dustinober/Projects/pmp_application/tests/controllers/flashcardController.test.ts:208:71)\n    at Promise.finally.completed (/Users/dustinober/Projects/pmp_application/node_modules/jest-circus/build/jestAdapterInit.js:1557:28)\n    at new Promise (<anonymous>)\n    at callAsyncCircusFn (/Users/dustinober/Projects/pmp_application/node_modules/jest-circus/build/jestAdapterInit.js:1497:10)\n    at _callCircusTest (/Users/dustinober/Projects/pmp_application/node_modules/jest-circus/build/jestAdapterInit.js:1007:40)\n    at processTicksAndRejections (node:internal/process/task_queues:103:5)\n    at _runTest (/Users/dustinober/Projects/pmp_application/node_modules/jest-circus/build/jestAdapterInit.js:947:3)\n    at /Users/dustinober/Projects/pmp_application/node_modules/jest-circus/build/jestAdapterInit.js:849:7\n    at _runTestsForDescribeBlock (/Users/dustinober/Projects/pmp_application/node_modules/jest-circus/build/jestAdapterInit.js:862:11)\n    at _runTestsForDescribeBlock (/Users/dustinober/Projects/pmp_application/node_modules/jest-circus/build/jestAdapterInit.js:857:11)\n    at _runTestsForDescribeBlock (/Users/dustinober/Projects/pmp_application/node_modules/jest-circus/build/jestAdapterInit.js:857:11)\n    at run (/Users/dustinober/Projects/pmp_application/node_modules/jest-circus/build/jestAdapterInit.js:761:3)\n    at runAndTransformResultsToJestFormat (/Users/dustinober/Projects/pmp_application/node_modules/jest-circus/build/jestAdapterInit.js:1918:21)\n    at jestAdapter (/Users/dustinober/Projects/pmp_application/node_modules/jest-circus/build/runner.js:101:19)\n    at runTestInternal (/Users/dustinober/Projects/pmp_application/node_modules/jest-runner/build/testWorker.js:275:16)\n    at runTest (/Users/dustinober/Projects/pmp_application/node_modules/jest-runner/build/testWorker.js:343:7)\n    at Object.worker (/Users/dustinober/Projects/pmp_application/node_modules/jest-runner/build/testWorker.js:497:12)","timestamp":"2025-12-24T00:05:11.587Z"}
{"level":"error","message":"Registration error: Cannot read properties of undefined (reading 'user-agent')","stack":"TypeError: Cannot read properties of undefined (reading 'user-agent')\n    at register (/Users/dustinober/Projects/pmp_application/src/controllers/auth.ts:64:24)\n    at processTicksAndRejections (node:internal/process/task_queues:103:5)\n    at Object.<anonymous> (/Users/dustinober/Projects/pmp_application/tests/controllers/authController.test.ts:85:13)","timestamp":"2025-12-24T00:05:11.964Z"}
{"level":"error","message":"Login error: Cannot read properties of undefined (reading 'user-agent')","stack":"TypeError: Cannot read properties of undefined (reading 'user-agent')\n    at login (/Users/dustinober/Projects/pmp_application/src/controllers/auth.ts:119:24)\n    at processTicksAndRejections (node:internal/process/task_queues:103:5)\n    at Object.<anonymous> (/Users/dustinober/Projects/pmp_application/tests/controllers/authController.test.ts:140:13)","timestamp":"2025-12-24T00:05:11.968Z"}
{"level":"error","message":"Redis Client Error Socket closed unexpectedly","timestamp":"2025-12-24T00:42:46.195Z"}
{"code":"ECONNREFUSED","level":"error","message":"Redis Client Error","stack":"AggregateError: \n    at internalConnectMultiple (node:net:1134:18)\n    at afterConnectMultiple (node:net:1715:7)","timestamp":"2025-12-24T00:42:46.198Z"}
{"code":"ECONNREFUSED","level":"error","message":"Redis Client Error","stack":"AggregateError: \n    at internalConnectMultiple (node:net:1134:18)\n    at afterConnectMultiple (node:net:1715:7)","timestamp":"2025-12-24T00:42:46.438Z"}
{"code":"ECONNREFUSED","level":"error","message":"Redis Client Error","stack":"AggregateError: \n    at internalConnectMultiple (node:net:1134:18)\n    at afterConnectMultiple (node:net:1715:7)","timestamp":"2025-12-24T00:42:46.727Z"}
{"code":"ECONNREFUSED","level":"error","message":"Redis Client Error","stack":"AggregateError: \n    at internalConnectMultiple (node:net:1134:18)\n    at afterConnectMultiple (node:net:1715:7)","timestamp":"2025-12-24T00:42:46.941Z"}
{"code":"ECONNREFUSED","level":"error","message":"Redis Client Error","stack":"AggregateError: \n    at internalConnectMultiple (node:net:1134:18)\n    at afterConnectMultiple (node:net:1715:7)","timestamp":"2025-12-24T00:42:47.446Z"}
{"code":"ECONNREFUSED","level":"error","message":"Redis Client Error","stack":"AggregateError: \n    at internalConnectMultiple (node:net:1134:18)\n    at afterConnectMultiple (node:net:1715:7)","timestamp":"2025-12-24T00:42:48.429Z"}
{"code":"ECONNREFUSED","level":"error","message":"Redis Client Error","stack":"AggregateError: \n    at internalConnectMultiple (node:net:1134:18)\n    at afterConnectMultiple (node:net:1715:7)","timestamp":"2025-12-24T00:42:52.452Z"}
{"code":"ECONNREFUSED","level":"error","message":"Redis Client Error","stack":"AggregateError: \n    at internalConnectMultiple (node:net:1134:18)\n    at afterConnectMultiple (node:net:1715:7)","timestamp":"2025-12-24T00:42:54.477Z"}
{"level":"warn","message":"Failed login attempt 1/5 for: nonexistent@example.com","timestamp":"2025-12-25T14:24:08.881Z"}
{"level":"warn","message":"Failed login attempt 1/5 for: test@example.com","timestamp":"2025-12-25T14:24:08.883Z"}
{"code":"ECONNREFUSED","level":"error","message":"Redis Client Error","stack":"AggregateError: \n    at internalConnectMultiple (node:net:1134:18)\n    at afterConnectMultiple (node:net:1715:7)","timestamp":"2025-12-25T14:24:08.891Z"}
{"code":"ECONNREFUSED","level":"error","message":"Redis Client Error","stack":"AggregateError: \n    at internalConnectMultiple (node:net:1134:18)\n    at afterConnectMultiple (node:net:1715:7)","timestamp":"2025-12-25T14:24:08.892Z"}
{"level":"warn","message":"Redis reconnecting (attempt 1)","timestamp":"2025-12-25T14:24:08.893Z"}
{"level":"warn","message":"Redis reconnecting (attempt 1)","timestamp":"2025-12-25T14:24:08.893Z"}
{"code":"ECONNREFUSED","level":"error","message":"Redis Client Error","stack":"AggregateError: \n    at internalConnectMultiple (node:net:1134:18)\n    at afterConnectMultiple (node:net:1715:7)","timestamp":"2025-12-25T14:24:08.895Z"}
{"code":"ECONNREFUSED","level":"error","message":"Redis Client Error","stack":"AggregateError: \n    at internalConnectMultiple (node:net:1134:18)\n    at afterConnectMultiple (node:net:1715:7)","timestamp":"2025-12-25T14:24:08.895Z"}
{"level":"warn","message":"Redis reconnecting (attempt 2)","timestamp":"2025-12-25T14:24:08.995Z"}
{"level":"warn","message":"Redis reconnecting (attempt 2)","timestamp":"2025-12-25T14:24:08.996Z"}
{"code":"ECONNREFUSED","level":"error","message":"Redis Client Error","stack":"AggregateError: \n    at internalConnectMultiple (node:net:1134:18)\n    at afterConnectMultiple (node:net:1715:7)","timestamp":"2025-12-25T14:24:09.001Z"}
{"code":"ECONNREFUSED","level":"error","message":"Redis Client Error","stack":"AggregateError: \n    at internalConnectMultiple (node:net:1134:18)\n    at afterConnectMultiple (node:net:1715:7)","timestamp":"2025-12-25T14:24:09.001Z"}
{"level":"warn","message":"Redis reconnecting (attempt 3)","timestamp":"2025-12-25T14:24:09.203Z"}
{"level":"warn","message":"Redis reconnecting (attempt 3)","timestamp":"2025-12-25T14:24:09.203Z"}
{"code":"ECONNREFUSED","level":"error","message":"Redis Client Error","stack":"AggregateError: \n    at internalConnectMultiple (node:net:1134:18)\n    at afterConnectMultiple (node:net:1715:7)","timestamp":"2025-12-25T14:24:09.207Z"}
{"code":"ECONNREFUSED","level":"error","message":"Redis Client Error","stack":"AggregateError: \n    at internalConnectMultiple (node:net:1134:18)\n    at afterConnectMultiple (node:net:1715:7)","timestamp":"2025-12-25T14:24:09.207Z"}
{"level":"warn","message":"Failed login attempt 1/5 for: nonexistent@example.com","timestamp":"2025-12-25T14:49:36.246Z"}
{"level":"warn","message":"Failed login attempt 1/5 for: test@example.com","timestamp":"2025-12-25T14:49:36.248Z"}
{"code":"ECONNREFUSED","level":"error","message":"Redis Client Error","stack":"AggregateError: \n    at internalConnectMultiple (node:net:1134:18)\n    at afterConnectMultiple (node:net:1715:7)","timestamp":"2025-12-25T14:49:36.283Z"}
{"level":"warn","message":"Redis reconnecting (attempt 1)","timestamp":"2025-12-25T14:49:36.285Z"}
{"code":"ECONNREFUSED","level":"error","message":"Redis Client Error","stack":"AggregateError: \n    at internalConnectMultiple (node:net:1134:18)\n    at afterConnectMultiple (node:net:1715:7)","timestamp":"2025-12-25T14:49:36.287Z"}
{"level":"warn","message":"Redis reconnecting (attempt 2)","timestamp":"2025-12-25T14:49:36.387Z"}
{"code":"ECONNREFUSED","level":"error","message":"Redis Client Error","stack":"AggregateError: \n    at internalConnectMultiple (node:net:1134:18)\n    at afterConnectMultiple (node:net:1715:7)","timestamp":"2025-12-25T14:49:36.389Z"}
{"level":"warn","message":"Redis reconnecting (attempt 3)","timestamp":"2025-12-25T14:49:36.590Z"}
{"code":"ECONNREFUSED","level":"error","message":"Redis Client Error","stack":"AggregateError: \n    at internalConnectMultiple (node:net:1134:18)\n    at afterConnectMultiple (node:net:1715:7)","timestamp":"2025-12-25T14:49:36.594Z"}
{"level":"warn","message":"Redis reconnecting (attempt 4)","timestamp":"2025-12-25T14:49:36.896Z"}
{"code":"ECONNREFUSED","level":"error","message":"Redis Client Error","stack":"AggregateError: \n    at internalConnectMultiple (node:net:1134:18)\n    at afterConnectMultiple (node:net:1715:7)","timestamp":"2025-12-25T14:49:36.898Z"}
{"connectTimeout":"10s","connectionLimit":10,"environment":"development","idleTimeout":"300s","level":"info","message":"Database connection pool configured:","poolTimeout":"20s","timestamp":"2025-12-25T15:09:19.875Z"}
{"level":"warn","message":"Recommended environment variable not set: ALLOWED_ORIGINS","timestamp":"2025-12-25T15:09:21.388Z"}
{"level":"warn","message":"Recommended environment variable not set: REDIS_URL","timestamp":"2025-12-25T15:09:21.389Z"}
{"level":"info","message":"🚀 Server running on port 3001 in development mode","timestamp":"2025-12-25T15:09:21.393Z"}
{"level":"info","message":"📱 Health check: http://localhost:3001/health","timestamp":"2025-12-25T15:09:21.393Z"}
{"level":"info","message":"📚 API Docs: http://localhost:3001/api-docs","timestamp":"2025-12-25T15:09:21.393Z"}
{"code":"ECONNREFUSED","level":"error","message":"Redis Client Error","stack":"AggregateError\n    at internalConnectMultiple (node:net:1134:18)\n    at afterConnectMultiple (node:net:1715:7)","timestamp":"2025-12-25T15:09:21.425Z"}
{"level":"warn","message":"Redis reconnecting (attempt 1)","timestamp":"2025-12-25T15:09:21.426Z"}
{"code":"ECONNREFUSED","level":"error","message":"Redis Client Error","stack":"AggregateError\n    at internalConnectMultiple (node:net:1134:18)\n    at afterConnectMultiple (node:net:1715:7)","timestamp":"2025-12-25T15:09:21.428Z"}
{"level":"warn","message":"Redis reconnecting (attempt 2)","timestamp":"2025-12-25T15:09:21.528Z"}
{"code":"ECONNREFUSED","level":"error","message":"Redis Client Error","stack":"AggregateError\n    at internalConnectMultiple (node:net:1134:18)\n    at afterConnectMultiple (node:net:1715:7)","timestamp":"2025-12-25T15:09:21.530Z"}
{"level":"warn","message":"Redis reconnecting (attempt 3)","timestamp":"2025-12-25T15:09:21.738Z"}
{"code":"ECONNREFUSED","level":"error","message":"Redis Client Error","stack":"AggregateError\n    at internalConnectMultiple (node:net:1134:18)\n    at afterConnectMultiple (node:net:1715:7)","timestamp":"2025-12-25T15:09:21.742Z"}
{"level":"warn","message":"Redis reconnecting (attempt 4)","timestamp":"2025-12-25T15:09:22.045Z"}
{"code":"ECONNREFUSED","level":"error","message":"Redis Client Error","stack":"AggregateError\n    at internalConnectMultiple (node:net:1134:18)\n    at afterConnectMultiple (node:net:1715:7)","timestamp":"2025-12-25T15:09:22.048Z"}
{"level":"warn","message":"Redis reconnecting (attempt 5)","timestamp":"2025-12-25T15:09:22.451Z"}
{"code":"ECONNREFUSED","level":"error","message":"Redis Client Error","stack":"AggregateError\n    at internalConnectMultiple (node:net:1134:18)\n    at afterConnectMultiple (node:net:1715:7)","timestamp":"2025-12-25T15:09:22.454Z"}
{"level":"warn","message":"Redis reconnecting (attempt 6)","timestamp":"2025-12-25T15:09:22.955Z"}
{"level":"error","message":"Redis max reconnection attempts reached","timestamp":"2025-12-25T15:09:22.957Z"}
{"code":"ECONNREFUSED","level":"error","message":"Redis Client Error","stack":"AggregateError\n    at internalConnectMultiple (node:net:1134:18)\n    at afterConnectMultiple (node:net:1715:7)","timestamp":"2025-12-25T15:09:22.957Z"}
{"level":"error","message":"Failed to connect to Redis Max retries reached","originalError":{},"socketError":{"code":"ECONNREFUSED"},"stack":"Error: Max retries reached\n    at RedisSocket.#shouldReconnect (/Users/dustinober/Projects/pmp_application/node_modules/@redis/client/lib/client/socket.ts:199:14)\n    at RedisSocket.#connect (/Users/dustinober/Projects/pmp_application/node_modules/@redis/client/lib/client/socket.ts:241:46)\n    at processTicksAndRejections (node:internal/process/task_queues:103:5)\n    at async Class.connect (/Users/dustinober/Projects/pmp_application/node_modules/@redis/client/lib/client/index.ts:961:5)\n    at async CacheService.connect (/Users/dustinober/Projects/pmp_application/src/services/cache.ts:117:9)","timestamp":"2025-12-25T15:09:22.962Z"}
{"connectTimeout":"10s","connectionLimit":10,"environment":"development","idleTimeout":"300s","level":"info","message":"Database connection pool configured:","poolTimeout":"20s","timestamp":"2025-12-25T15:15:50.763Z"}
{"level":"warn","message":"Recommended environment variable not set: ALLOWED_ORIGINS","timestamp":"2025-12-25T15:15:52.297Z"}
{"level":"warn","message":"Recommended environment variable not set: REDIS_URL","timestamp":"2025-12-25T15:15:52.298Z"}
{"level":"info","message":"🚀 Server running on port 3001 in development mode","timestamp":"2025-12-25T15:15:52.301Z"}
{"level":"info","message":"📱 Health check: http://localhost:3001/health","timestamp":"2025-12-25T15:15:52.301Z"}
{"level":"info","message":"📚 API Docs: http://localhost:3001/api-docs","timestamp":"2025-12-25T15:15:52.301Z"}
{"code":"ECONNREFUSED","level":"error","message":"Redis Client Error","stack":"AggregateError\n    at internalConnectMultiple (node:net:1134:18)\n    at afterConnectMultiple (node:net:1715:7)","timestamp":"2025-12-25T15:15:52.315Z"}
{"level":"warn","message":"Redis reconnecting (attempt 1)","timestamp":"2025-12-25T15:15:52.315Z"}
{"code":"ECONNREFUSED","level":"error","message":"Redis Client Error","stack":"AggregateError\n    at internalConnectMultiple (node:net:1134:18)\n    at afterConnectMultiple (node:net:1715:7)","timestamp":"2025-12-25T15:15:52.316Z"}
{"level":"warn","message":"Redis reconnecting (attempt 2)","timestamp":"2025-12-25T15:15:52.418Z"}
{"code":"ECONNREFUSED","level":"error","message":"Redis Client Error","stack":"AggregateError\n    at internalConnectMultiple (node:net:1134:18)\n    at afterConnectMultiple (node:net:1715:7)","timestamp":"2025-12-25T15:15:52.420Z"}
{"level":"warn","message":"Redis reconnecting (attempt 3)","timestamp":"2025-12-25T15:15:52.620Z"}
{"code":"ECONNREFUSED","level":"error","message":"Redis Client Error","stack":"AggregateError\n    at internalConnectMultiple (node:net:1134:18)\n    at afterConnectMultiple (node:net:1715:7)","timestamp":"2025-12-25T15:15:52.623Z"}
{"level":"warn","message":"Redis reconnecting (attempt 4)","timestamp":"2025-12-25T15:15:52.924Z"}
{"code":"ECONNREFUSED","level":"error","message":"Redis Client Error","stack":"AggregateError\n    at internalConnectMultiple (node:net:1134:18)\n    at afterConnectMultiple (node:net:1715:7)","timestamp":"2025-12-25T15:15:52.927Z"}
{"level":"warn","message":"Redis reconnecting (attempt 5)","timestamp":"2025-12-25T15:15:53.332Z"}
{"code":"ECONNREFUSED","level":"error","message":"Redis Client Error","stack":"AggregateError\n    at internalConnectMultiple (node:net:1134:18)\n    at afterConnectMultiple (node:net:1715:7)","timestamp":"2025-12-25T15:15:53.342Z"}
{"level":"warn","message":"Redis reconnecting (attempt 6)","timestamp":"2025-12-25T15:15:53.844Z"}
{"level":"error","message":"Redis max reconnection attempts reached","timestamp":"2025-12-25T15:15:53.847Z"}
{"code":"ECONNREFUSED","level":"error","message":"Redis Client Error","stack":"AggregateError\n    at internalConnectMultiple (node:net:1134:18)\n    at afterConnectMultiple (node:net:1715:7)","timestamp":"2025-12-25T15:15:53.848Z"}
{"level":"error","message":"Failed to connect to Redis Max retries reached","originalError":{},"socketError":{"code":"ECONNREFUSED"},"stack":"Error: Max retries reached\n    at RedisSocket.#shouldReconnect (/Users/dustinober/Projects/pmp_application/node_modules/@redis/client/lib/client/socket.ts:199:14)\n    at RedisSocket.#connect (/Users/dustinober/Projects/pmp_application/node_modules/@redis/client/lib/client/socket.ts:241:46)\n    at processTicksAndRejections (node:internal/process/task_queues:103:5)\n    at async Class.connect (/Users/dustinober/Projects/pmp_application/node_modules/@redis/client/lib/client/index.ts:961:5)\n    at async CacheService.connect (/Users/dustinober/Projects/pmp_application/src/services/cache.ts:117:9)","timestamp":"2025-12-25T15:15:53.858Z"}
{"level":"http","message":"f7d921dd-e5b9-4d48-93c6-8d9a6a2c0860 POST /api/v1/auth/register 400 244 - 12.089 ms","timestamp":"2025-12-25T15:16:10.518Z"}
{"level":"error","message":"Prisma error: \nInvalid `prisma.user.findUnique()` invocation in\n/Users/dustinober/Projects/pmp_application/src/controllers/auth.ts:105:36\n\n  102 }\n  103 \n  104 // Find user\n→ 105 const user = await prisma.user.findUnique(\nerror: Error validating datasource `db`: the URL must start with the protocol `postgresql://` or `postgres://`.\n  -->  schema.prisma:8\n   | \n 7 |   provider = \"postgresql\"\n 8 |   url      = env(\"DATABASE_URL\")\n   | \n\nValidation Error Count: 1","target":"user.findUnique","timestamp":"2025-12-25T15:16:10.532Z"}
{"clientVersion":"5.22.0","level":"error","message":"Login error: \nInvalid `prisma.user.findUnique()` invocation in\n/Users/dustinober/Projects/pmp_application/src/controllers/auth.ts:105:36\n\n  102 }\n  103 \n  104 // Find user\n→ 105 const user = await prisma.user.findUnique(\nerror: Error validating datasource `db`: the URL must start with the protocol `postgresql://` or `postgres://`.\n  -->  schema.prisma:8\n   | \n 7 |   provider = \"postgresql\"\n 8 |   url      = env(\"DATABASE_URL\")\n   | \n\nValidation Error Count: 1","name":"PrismaClientInitializationError","stack":"PrismaClientInitializationError: \nInvalid `prisma.user.findUnique()` invocation in\n/Users/dustinober/Projects/pmp_application/src/controllers/auth.ts:105:36\n\n  102 }\n  103 \n  104 // Find user\n→ 105 const user = await prisma.user.findUnique(\nerror: Error validating datasource `db`: the URL must start with the protocol `postgresql://` or `postgres://`.\n  -->  schema.prisma:8\n   | \n 7 |   provider = \"postgresql\"\n 8 |   url      = env(\"DATABASE_URL\")\n   | \n\nValidation Error Count: 1\n    at $n.handleRequestError (/Users/dustinober/Projects/pmp_application/node_modules/@prisma/client/runtime/library.js:121:7615)\n    at $n.handleAndLogRequestError (/Users/dustinober/Projects/pmp_application/node_modules/@prisma/client/runtime/library.js:121:6623)\n    at $n.request (/Users/dustinober/Projects/pmp_application/node_modules/@prisma/client/runtime/library.js:121:6307)\n    at async l (/Users/dustinober/Projects/pmp_application/node_modules/@prisma/client/runtime/library.js:130:9633)\n    at async login (/Users/dustinober/Projects/pmp_application/src/controllers/auth.ts:105:18)","timestamp":"2025-12-25T15:16:10.533Z"}
{"code":"INTERNAL_ERROR","correlationId":"3bcfe2d7-ad2f-4cf6-b822-5fa9c0662ac8","level":"warn","message":"AppError: Login failed","path":"/api/v1/auth/login","timestamp":"2025-12-25T15:16:10.533Z"}
{"level":"http","message":"3bcfe2d7-ad2f-4cf6-b822-5fa9c0662ac8 POST /api/v1/auth/login 500 73 - 12.336 ms","timestamp":"2025-12-25T15:16:10.534Z"}
{"level":"http","message":"51c24bdd-48c0-44ee-9623-6e26dc536ddd GET /api/v1/adaptive/profile 401 35 - 0.312 ms","timestamp":"2025-12-25T15:16:10.536Z"}
{"level":"error","message":"Prisma error: \nInvalid `prisma.user.findUnique()` invocation in\n/Users/dustinober/Projects/pmp_application/src/controllers/auth.ts:105:36\n\n  102 }\n  103 \n  104 // Find user\n→ 105 const user = await prisma.user.findUnique(\nerror: Error validating datasource `db`: the URL must start with the protocol `postgresql://` or `postgres://`.\n  -->  schema.prisma:8\n   | \n 7 |   provider = \"postgresql\"\n 8 |   url      = env(\"DATABASE_URL\")\n   | \n\nValidation Error Count: 1","target":"user.findUnique","timestamp":"2025-12-25T15:16:32.271Z"}
{"clientVersion":"5.22.0","level":"error","message":"Login error: \nInvalid `prisma.user.findUnique()` invocation in\n/Users/dustinober/Projects/pmp_application/src/controllers/auth.ts:105:36\n\n  102 }\n  103 \n  104 // Find user\n→ 105 const user = await prisma.user.findUnique(\nerror: Error validating datasource `db`: the URL must start with the protocol `postgresql://` or `postgres://`.\n  -->  schema.prisma:8\n   | \n 7 |   provider = \"postgresql\"\n 8 |   url      = env(\"DATABASE_URL\")\n   | \n\nValidation Error Count: 1","name":"PrismaClientInitializationError","stack":"PrismaClientInitializationError: \nInvalid `prisma.user.findUnique()` invocation in\n/Users/dustinober/Projects/pmp_application/src/controllers/auth.ts:105:36\n\n  102 }\n  103 \n  104 // Find user\n→ 105 const user = await prisma.user.findUnique(\nerror: Error validating datasource `db`: the URL must start with the protocol `postgresql://` or `postgres://`.\n  -->  schema.prisma:8\n   | \n 7 |   provider = \"postgresql\"\n 8 |   url      = env(\"DATABASE_URL\")\n   | \n\nValidation Error Count: 1\n    at $n.handleRequestError (/Users/dustinober/Projects/pmp_application/node_modules/@prisma/client/runtime/library.js:121:7615)\n    at $n.handleAndLogRequestError (/Users/dustinober/Projects/pmp_application/node_modules/@prisma/client/runtime/library.js:121:6623)\n    at $n.request (/Users/dustinober/Projects/pmp_application/node_modules/@prisma/client/runtime/library.js:121:6307)\n    at async l (/Users/dustinober/Projects/pmp_application/node_modules/@prisma/client/runtime/library.js:130:9633)\n    at async login (/Users/dustinober/Projects/pmp_application/src/controllers/auth.ts:105:18)","timestamp":"2025-12-25T15:16:32.272Z"}
{"code":"INTERNAL_ERROR","correlationId":"ad8db995-590c-4b41-9bd2-31af30ff3649","level":"warn","message":"AppError: Login failed","path":"/api/v1/auth/login","timestamp":"2025-12-25T15:16:32.272Z"}
{"level":"http","message":"ad8db995-590c-4b41-9bd2-31af30ff3649 POST /api/v1/auth/login 500 73 - 2.899 ms","timestamp":"2025-12-25T15:16:32.272Z"}
{"level":"http","message":"6546b37e-6299-4ae2-b6c2-5d6dda11903b GET /api/v1/adaptive/profile 401 35 - 0.150 ms","timestamp":"2025-12-25T15:16:32.277Z"}
